<?xml version="1.0" encoding="UTF-8"?>
<testng-results ignored="0" total="0" passed="0" failed="0" skipped="0">
  <reporter-output>
  </reporter-output>
  <suite started-at="2026-04-20T08:13:32 IST" name="All Test Suite" finished-at="2026-04-20T08:13:32 IST" duration-ms="14">
    <groups>
    </groups>
    <test started-at="2026-04-20T08:13:32 IST" name="C:/Users/Ganesh/IdeaProjects/Selenium_19_Jan_26" finished-at="2026-04-20T08:13:32 IST" duration-ms="14">
    </test> <!-- C:/Users/Ganesh/IdeaProjects/Selenium_19_Jan_26 -->
  </suite> <!-- All Test Suite -->
</testng-results>
