<?xml version="1.0" encoding="UTF-8"?>
<!-- Generated by org.testng.reporters.JUnitReportReporter -->
<testsuite hostname="LAPTOP-0M17UIVA" failures="0" tests="4" name="testng.parameterization.DataDrivenWithExcelSheet" time="19.320" errors="0" timestamp="2026-04-16T20:23:25 IST" skipped="0">
  <testcase classname="testng.parameterization.DataDrivenWithExcelSheet" name="verifyParameterizationDemo" time="4.680"/>
  <testcase classname="testng.parameterization.DataDrivenWithExcelSheet" name="verifyParameterizationDemo" time="5.267"/>
  <testcase classname="testng.parameterization.DataDrivenWithExcelSheet" name="verifyParameterizationDemo" time="4.771"/>
  <testcase classname="testng.parameterization.DataDrivenWithExcelSheet" name="verifyParameterizationDemo" time="4.602"/>
</testsuite> <!-- testng.parameterization.DataDrivenWithExcelSheet -->
