<?xml version="1.0" encoding="UTF-8"?>
<!-- Generated by org.testng.reporters.JUnitReportReporter -->
<testsuite hostname="LAPTOP-0M17UIVA" failures="0" tests="3" name="testng.parameterization.SimpleDataProvider" time="6.944" errors="0" timestamp="2026-04-14T20:55:34 IST" skipped="0">
  <testcase classname="testng.parameterization.SimpleDataProvider" name="verifyParameterizationDemo" time="1.967"/>
  <testcase classname="testng.parameterization.SimpleDataProvider" name="verifyParameterizationDemo" time="2.168"/>
  <testcase classname="testng.parameterization.SimpleDataProvider" name="verifyParameterizationDemo" time="2.809"/>
</testsuite> <!-- testng.parameterization.SimpleDataProvider -->
